

Microchip MPLAB XC8 Assembler V2.32 build 20210201212658 
<<<<<<< HEAD
                                                                                               Fri Oct 15 15:33:50 2021
=======
                                                                                               Fri Oct 15 15:29:00 2021
>>>>>>> cd28643c24261472ab76b5bd65873cef17a92772

Microchip MPLAB XC8 C Compiler v2.32 (Free license) build 20210201212658 Og1 
     1                           	processor	18F45K50
     2                           	fnconf	rparam,??,?,0
     3                           	pagewidth 120
     4                           	opt	flic
     5                           	psect	smallconst,global,reloc=2,class=SMALLCONST,delta=1,noexec
     6                           	psect	cinit,global,reloc=2,class=CODE,delta=1
     7                           	psect	bssCOMRAM,global,class=COMRAM,space=1,delta=1,lowdata,noexec
     8                           	psect	cstackCOMRAM,global,class=COMRAM,space=1,delta=1,lowdata,noexec
     9                           	psect	text0,global,reloc=2,class=CODE,delta=1
    10                           	psect	text1,global,reloc=2,class=CODE,delta=1
    11                           	psect	intcode,global,reloc=2,class=CODE,delta=1
    12                           	psect	intsave_regs,global,class=BIGRAM,space=1,delta=1,noexec
    13                           	psect	rparam,global,class=COMRAM,space=1,delta=1,noexec
    14                           	psect	temp,global,ovrld,common,class=COMRAM,space=1,delta=1
    15                           	psect	idloc,global,abs,ovrld,class=IDLOC,space=5,delta=1,noexec
    16                           	psect	config,global,abs,ovrld,class=CONFIG,space=4,delta=1,noexec
    17  0000                     
    18                           ; Version 2.20
    19                           ; Generated 05/05/2020 GMT
    20                           ; 
    21                           ; Copyright © 2020, Microchip Technology Inc. and its subsidiaries ("Microchip")
    22                           ; All rights reserved.
    23                           ; 
    24                           ; This software is developed by Microchip Technology Inc. and its subsidiaries ("Microch
      +                          ip").
    25                           ; 
    26                           ; Redistribution and use in source and binary forms, with or without modification, are
    27                           ; permitted provided that the following conditions are met:
    28                           ; 
    29                           ;     1. Redistributions of source code must retain the above copyright notice, this lis
      +                          t of
    30                           ;        conditions and the following disclaimer.
    31                           ; 
    32                           ;     2. Redistributions in binary form must reproduce the above copyright notice, this 
      +                          list
    33                           ;        of conditions and the following disclaimer in the documentation and/or other
    34                           ;        materials provided with the distribution.
    35                           ; 
    36                           ;     3. Microchip's name may not be used to endorse or promote products derived from th
      +                          is
    37                           ;        software without specific prior written permission.
    38                           ; 
    39                           ; THIS SOFTWARE IS PROVIDED BY MICROCHIP "AS IS" AND ANY EXPRESS OR IMPLIED WARRANTIES,
    40                           ; INCLUDING, BUT NOT LIMITED TO, THE IMPLIED WARRANTIES OF MERCHANTABILITY AND FITNESS F
      +                          OR
    41                           ; PURPOSE ARE DISCLAIMED.  IN NO EVENT SHALL MICROCHIP BE LIABLE FOR ANY DIRECT, INDIREC
      +                          T,
    42                           ; INCIDENTAL, SPECIAL, EXEMPLARY, OR CONSEQUENTIAL DAMAGES (INCLUDING BUT NOT LIMITED TO
    43                           ; PROCUREMENT OF SUBSTITUTE GOODS OR SERVICES; LOSS OF USE, DATA OR PROFITS; OR BUSINESS
    44                           ; INTERRUPTION) HOWSOEVER CAUSED AND ON ANY THEORY OF LIABILITY, WHETHER IN CONTRACT, ST
      +                          RICT
    45                           ; LIABILITY, OR TORT (INCLUDING NEGLIGENCE OR OTHERWISE) ARISING IN ANY WAY OUT OF THE U
      +                          SE OF
    46                           ; THIS SOFTWARE, EVEN IF ADVISED OF THE POSSIBILITY OF SUCH DAMAGE.
    47                           ; 
    48                           ; 
    49                           ; Code-generator required, PIC18F45K50 Definitions
    50                           ; 
    51                           ; SFR Addresses
    52  0000                     
    53                           	psect	smallconst
    54  000800                     __psmallconst:
    55                           	callstack 0
    56  000800  00                 	db	0
    57  000801                     main@F4817:
    58                           	callstack 0
    59  000801  7E                 	db	126
    60  000802  30                 	db	48
    61  000803  6D                 	db	109
    62  000804  79                 	db	121
    63  000805  33                 	db	51
    64  000806  5B                 	db	91
    65  000807  5F                 	db	95
    66  000808  70                 	db	112
    67  000809  7F                 	db	127
    68  00080A  73                 	db	115
    69  00080B                     __end_ofmain@F4817:
    70                           	callstack 0
    71  0000                     _ANSELD	set	3934
    72  0000                     _ANSELA	set	3931
<<<<<<< HEAD
    73  0000                     _PIE1	set	3997
    74  0000                     _T1CON	set	4045
    75  0000                     _RCONbits	set	4048
    76  0000                     _INTCON	set	4082
    77  0000                     _LATA	set	3977
    78  0000                     _TRISD	set	3989
    79  0000                     _TRISA	set	3986
    80  0000                     _PIR1bits	set	3998
    81  0000                     _TMR1L	set	4046
    82  0000                     _TMR1H	set	4047
    83  0000                     _PORTD	set	3971
    84  00080B  00                 	db	0	; dummy byte at the end
    85  0000                     
    86                           ; #config settings
    87                           
    88                           	psect	cinit
    89  00087A                     __pcinit:
    90                           	callstack 0
    91  00087A                     start_initialization:
    92                           	callstack 0
    93  00087A                     __initialization:
    94                           	callstack 0
    95                           
    96                           ; Clear objects allocated to COMRAM (1 bytes)
    97  00087A  6A0C               	clrf	__pbssCOMRAM& (0+255),c
    98  00087C                     end_of_initialization:
    99                           	callstack 0
   100  00087C                     __end_of__initialization:
   101                           	callstack 0
   102  00087C  900D               	bcf	int$flags,0,c	;clear compiler interrupt flag (level 1)
   103  00087E  920D               	bcf	int$flags,1,c	;clear compiler interrupt flag (level 2)
   104  000880  0E00               	movlw	low (__Lsmallconst shr (0+16))
   105  000882  6EF8               	movwf	tblptru,c
   106  000884  0E08               	movlw	high __Lsmallconst
   107  000886  6EF7               	movwf	tblptrh,c
   108  000888  0100               	movlb	0
   109  00088A  EF06  F004         	goto	_main	;jump to C main() function
   110                           
   111                           	psect	bssCOMRAM
   112  00000C                     __pbssCOMRAM:
   113                           	callstack 0
   114  00000C                     _Value:
   115                           	callstack 0
   116  00000C                     	ds	1
   117                           
   118                           	psect	cstackCOMRAM
   119  000001                     __pcstackCOMRAM:
   120                           	callstack 0
   121  000001                     ??_main:
   122  000001                     
   123                           ; 1 bytes @ 0x0
   124  000001                     	ds	1
   125  000002                     main@Dis7seg:
   126                           	callstack 0
   127                           
   128                           ; 10 bytes @ 0x1
   129  000002                     	ds	10
   130                           
   131 ;;
   132 ;;Main: autosize = 0, tempsize = 1, incstack = 0, save=0
   133 ;;
   134 ;; *************** function _main *****************
   135 ;; Defined at:
   136 ;;		line 25 in file "main.c"
   137 ;; Parameters:    Size  Location     Type
   138 ;;		None
   139 ;; Auto vars:     Size  Location     Type
   140 ;;  Dis7seg        10    1[COMRAM] const unsigned char [10]
   141 ;; Return value:  Size  Location     Type
   142 ;;                  1    wreg      void 
   143 ;; Registers used:
   144 ;;		wreg, fsr2l, fsr2h, status,2, status,0, tblptrl, tblptrh, tblptru, cstack
   145 ;; Tracked objects:
   146 ;;		On entry : 0/0
   147 ;;		On exit  : 0/0
   148 ;;		Unchanged: 0/0
   149 ;; Data sizes:     COMRAM   BANK0   BANK1   BANK2   BANK3   BANK4   BANK5   BANK6   BANK7
   150 ;;      Params:         0       0       0       0       0       0       0       0       0
   151 ;;      Locals:        10       0       0       0       0       0       0       0       0
   152 ;;      Temps:          1       0       0       0       0       0       0       0       0
   153 ;;      Totals:        11       0       0       0       0       0       0       0       0
   154 ;;Total ram usage:       11 bytes
   155 ;; Hardware stack levels required when called: 2
   156 ;; This function calls:
   157 ;;		_configuracion
   158 ;; This function is called by:
   159 ;;		Startup code after reset
   160 ;; This function uses a non-reentrant model
   161 ;;
   162                           
   163                           	psect	text0
   164  00080C                     __ptext0:
   165                           	callstack 0
   166  00080C                     _main:
   167                           	callstack 29
   168  00080C                     
   169                           ;main.c: 26:     const char Dis7seg[10] = {0x7E, 0x30, 0x6D, 0x79, 0x33, 0x5B, 0x5F, 0x7
      +                          0, 0x7F, 0x73};
   170  00080C  0E01               	movlw	low main@F4817
   171  00080E  6EF6               	movwf	tblptrl,c
   172  000810                     	if	0	;There is only one active tblptr byte
   173  000810                     	endif
   174  000810                     	if	0	;There are less than 3 active tblptr bytes
   175  000810                     	endif
   176  000810  EE20  F002         	lfsr	2,main@Dis7seg
   177  000814  0E09               	movlw	9
   178  000816                     u10:
   179  000816  0009               	tblrd		*+
   180  000818  CFF5 FFDE          	movff	tablat,postinc2
   181  00081C  06E8               	decf	wreg,f,c
   182  00081E  E2FB               	bc	u10
   183  000820                     
   184                           ;main.c: 27:     configuracion();
   185  000820  EC26  F004         	call	_configuracion	;wreg free
   186  000824                     l735:
   187                           
   188                           ;main.c: 30:         PORTD = Dis7seg[Value];
   189  000824  0E02               	movlw	low main@Dis7seg
   190  000826  240C               	addwf	_Value^0,w,c
   191  000828  6ED9               	movwf	fsr2l,c
   192  00082A  6ADA               	clrf	fsr2h,c
   193  00082C  0E00               	movlw	high main@Dis7seg
   194  00082E  22DA               	addwfc	fsr2h,f,c
   195  000830  50DF               	movf	indf2,w,c
   196  000832  6E83               	movwf	131,c	;volatile
   197  000834                     
   198                           ;main.c: 31:         _delay((unsigned long)((50)*(1000000/4000.0)));
   199  000834  0E11               	movlw	17
   200  000836  6E01               	movwf	??_main^0,c
   201  000838  0E3A               	movlw	58
   202  00083A                     u37:
   203  00083A  2EE8               	decfsz	wreg,f,c
   204  00083C  D7FE               	bra	u37
   205  00083E  2E01               	decfsz	??_main^0,f,c
   206  000840  D7FC               	bra	u37
   207  000842  D000               	nop2	
   208  000844  EF12  F004         	goto	l735
   209  000848  EF17  F000         	goto	start
   210  00084C                     __end_of_main:
   211                           	callstack 0
   212                           
   213 ;; *************** function _configuracion *****************
   214 ;; Defined at:
   215 ;;		line 46 in file "main.c"
   216 ;; Parameters:    Size  Location     Type
   217 ;;		None
   218 ;; Auto vars:     Size  Location     Type
   219 ;;		None
   220 ;; Return value:  Size  Location     Type
   221 ;;                  1    wreg      void 
   222 ;; Registers used:
   223 ;;		wreg, status,2
   224 ;; Tracked objects:
   225 ;;		On entry : 0/0
   226 ;;		On exit  : 0/0
   227 ;;		Unchanged: 0/0
   228 ;; Data sizes:     COMRAM   BANK0   BANK1   BANK2   BANK3   BANK4   BANK5   BANK6   BANK7
   229 ;;      Params:         0       0       0       0       0       0       0       0       0
   230 ;;      Locals:         0       0       0       0       0       0       0       0       0
   231 ;;      Temps:          0       0       0       0       0       0       0       0       0
   232 ;;      Totals:         0       0       0       0       0       0       0       0       0
   233 ;;Total ram usage:        0 bytes
   234 ;; Hardware stack levels used: 1
   235 ;; Hardware stack levels required when called: 1
   236 ;; This function calls:
   237 ;;		Nothing
   238 ;; This function is called by:
   239 ;;		_main
   240 ;; This function uses a non-reentrant model
   241 ;;
   242                           
   243                           	psect	text1
   244  00084C                     __ptext1:
   245                           	callstack 0
   246  00084C                     _configuracion:
   247                           	callstack 29
   248  00084C                     
   249                           ;main.c: 47:     TRISA = 0;
   250  00084C  0E00               	movlw	0
   251  00084E  6E92               	movwf	146,c	;volatile
   252                           
   253                           ;main.c: 48:     TRISD = 0;
   254  000850  0E00               	movlw	0
   255  000852  6E95               	movwf	149,c	;volatile
   256                           
   257                           ;main.c: 49:     ANSELA = 0;
   258  000854  0E00               	movlw	0
   259  000856  010F               	movlb	15	; () banked
   260  000858  6F5B               	movwf	91,b	;volatile
   261                           
   262                           ;main.c: 50:     ANSELD = 0;
   263  00085A  0E00               	movlw	0
   264  00085C  6F5E               	movwf	94,b	;volatile
   265                           
   266                           ;main.c: 51:     LATA = 0;
   267  00085E  0E00               	movlw	0
   268  000860  6E89               	movwf	137,c	;volatile
   269                           
   270                           ;main.c: 52:     INTCON = 0x80;
   271  000862  0E80               	movlw	128
   272  000864  6EF2               	movwf	242,c	;volatile
   273  000866                     
   274                           ; BSR set to: 15
   275                           ;main.c: 53:     RCONbits.IPEN = 1;
   276  000866  8ED0               	bsf	208,7,c	;volatile
   277                           
   278                           ;main.c: 54:     T1CON = 0x21;
   279  000868  0E21               	movlw	33
   280  00086A  6ECD               	movwf	205,c	;volatile
   281                           
   282                           ;main.c: 56:     PIE1 = 0x01;
   283  00086C  0E01               	movlw	1
   284  00086E  6E9D               	movwf	157,c	;volatile
   285                           
   286                           ;main.c: 73:     TMR1H = 3037 >> 8;
   287  000870  0E0B               	movlw	11
   288  000872  6ECF               	movwf	207,c	;volatile
   289                           
   290                           ;main.c: 74:     TMR1L = 62499;
   291  000874  0E23               	movlw	35
   292  000876  6ECE               	movwf	206,c	;volatile
   293  000878                     
   294                           ; BSR set to: 15
   295  000878  0012               	return		;funcret
   296  00087A                     __end_of_configuracion:
   297                           	callstack 0
   298                           
   299 ;; *************** function _myHiIsr *****************
   300 ;; Defined at:
   301 ;;		line 36 in file "main.c"
   302 ;; Parameters:    Size  Location     Type
   303 ;;		None
   304 ;; Auto vars:     Size  Location     Type
   305 ;;		None
   306 ;; Return value:  Size  Location     Type
   307 ;;                  1    wreg      void 
   308 ;; Registers used:
   309 ;;		wreg, status,2, status,0
   310 ;; Tracked objects:
   311 ;;		On entry : 0/0
   312 ;;		On exit  : 0/0
   313 ;;		Unchanged: 0/0
   314 ;; Data sizes:     COMRAM   BANK0   BANK1   BANK2   BANK3   BANK4   BANK5   BANK6   BANK7
   315 ;;      Params:         0       0       0       0       0       0       0       0       0
   316 ;;      Locals:         0       0       0       0       0       0       0       0       0
   317 ;;      Temps:          0       0       0       0       0       0       0       0       0
   318 ;;      Totals:         0       0       0       0       0       0       0       0       0
   319 ;;Total ram usage:        0 bytes
   320 ;; Hardware stack levels used: 1
   321 ;; This function calls:
   322 ;;		Nothing
   323 ;; This function is called by:
   324 ;;		Interrupt level 2
   325 ;; This function uses a non-reentrant model
   326 ;;
   327                           
   328                           	psect	intcode
   329  000008                     __pintcode:
   330                           	callstack 0
   331  000008                     _myHiIsr:
   332                           	callstack 29
   333                           
   334                           ; BSR set to: 15
   335                           ;incstack = 0
   336  000008  820D               	bsf	int$flags,1,c	;set compiler interrupt flag (level 2)
   337  00000A                     
   338                           ;main.c: 37:     Value += 1;
   339  00000A  2A0C               	incf	_Value^0,f,c
   340  00000C                     
   341                           ;main.c: 38:     if (Value > 9) {
   342  00000C  0E09               	movlw	9
   343  00000E  640C               	cpfsgt	_Value^0,c
   344  000010  EF0C  F000         	goto	i2u2_41
   345  000014  EF0E  F000         	goto	i2u2_40
   346  000018                     i2u2_41:
   347  000018  EF10  F000         	goto	i2l47
   348  00001C                     i2u2_40:
   349  00001C                     
   350                           ;main.c: 39:         Value = 0;
   351  00001C  0E00               	movlw	0
   352  00001E  6E0C               	movwf	_Value^0,c
   353  000020                     i2l47:
   354                           
   355                           ;main.c: 41:     TMR1H = 3037 >> 8;
   356  000020  0E0B               	movlw	11
   357  000022  6ECF               	movwf	207,c	;volatile
   358                           
   359                           ;main.c: 42:     TMR1L = 62499;
   360  000024  0E23               	movlw	35
   361  000026  6ECE               	movwf	206,c	;volatile
   362  000028                     
   363                           ;main.c: 43:     PIR1bits.TMR1IF = 0;
   364  000028  909E               	bcf	158,0,c	;volatile
   365  00002A  920D               	bcf	int$flags,1,c	;clear compiler interrupt flag (level 2)
   366  00002C  0011               	retfie		f
   367  00002E                     __end_of_myHiIsr:
   368                           	callstack 0
   369                           
   370                           	psect	rparam
   371  0000                     
   372                           	psect	temp
   373  00000D                     btemp:
   374                           	callstack 0
   375  00000D                     	ds	1
   376  0000                     int$flags	set	btemp
   377  0000                     wtemp8	set	btemp+1
   378  0000                     ttemp5	set	btemp+1
   379  0000                     ttemp6	set	btemp+4
   380  0000                     ttemp7	set	btemp+8
   381                           
   382                           	psect	idloc
   383                           
   384                           ;Config register IDLOC0 @ 0x200000
   385                           ;	unspecified, using default values
   386  200000                     	org	2097152
   387  200000  FF                 	db	255
   388                           
   389                           ;Config register IDLOC1 @ 0x200001
   390                           ;	unspecified, using default values
   391  200001                     	org	2097153
   392  200001  FF                 	db	255
   393                           
   394                           ;Config register IDLOC2 @ 0x200002
   395                           ;	unspecified, using default values
   396  200002                     	org	2097154
   397  200002  FF                 	db	255
   398                           
   399                           ;Config register IDLOC3 @ 0x200003
   400                           ;	unspecified, using default values
   401  200003                     	org	2097155
   402  200003  FF                 	db	255
   403                           
   404                           ;Config register IDLOC4 @ 0x200004
   405                           ;	unspecified, using default values
   406  200004                     	org	2097156
   407  200004  FF                 	db	255
   408                           
   409                           ;Config register IDLOC5 @ 0x200005
   410                           ;	unspecified, using default values
   411  200005                     	org	2097157
   412  200005  FF                 	db	255
   413                           
   414                           ;Config register IDLOC6 @ 0x200006
   415                           ;	unspecified, using default values
   416  200006                     	org	2097158
   417  200006  FF                 	db	255
   418                           
   419                           ;Config register IDLOC7 @ 0x200007
   420                           ;	unspecified, using default values
   421  200007                     	org	2097159
   422  200007  FF                 	db	255
   423                           
   424                           	psect	config
   425                           
   426                           ;Config register CONFIG1L @ 0x300000
   427                           ;	unspecified, using default values
   428                           ;	PLL Selection
   429                           ;	PLLSEL = 0x0, unprogrammed default
   430                           ;	PLL Enable Configuration bit
   431                           ;	CFGPLLEN = 0x0, unprogrammed default
   432                           ;	CPU System Clock Postscaler
   433                           ;	CPUDIV = 0x0, unprogrammed default
   434                           ;	Low Speed USB mode with 48 MHz system clock
   435                           ;	LS48MHZ = 0x0, unprogrammed default
   436  300000                     	org	3145728
   437  300000  00                 	db	0
   438                           
   439                           ;Config register CONFIG1H @ 0x300001
   440                           ;	Oscillator Selection
   441                           ;	FOSC = INTOSCIO, Internal oscillator
   442                           ;	Primary Oscillator Shutdown
   443                           ;	PCLKEN = 0x1, unprogrammed default
   444                           ;	Fail-Safe Clock Monitor
   445                           ;	FCMEN = 0x0, unprogrammed default
   446                           ;	Internal/External Oscillator Switchover
   447                           ;	IESO = 0x0, unprogrammed default
   448  300001                     	org	3145729
   449  300001  28                 	db	40
   450                           
   451                           ;Config register CONFIG2L @ 0x300002
   452                           ;	unspecified, using default values
   453                           ;	Power-up Timer Enable
   454                           ;	nPWRTEN = 0x1, unprogrammed default
   455                           ;	Brown-out Reset Enable
   456                           ;	BOREN = 0x3, unprogrammed default
   457                           ;	Brown-out Reset Voltage
   458                           ;	BORV = 0x3, unprogrammed default
   459                           ;	Low-Power Brown-out Reset
   460                           ;	nLPBOR = 0x1, unprogrammed default
   461  300002                     	org	3145730
   462  300002  5F                 	db	95
   463                           
   464                           ;Config register CONFIG2H @ 0x300003
   465                           ;	Watchdog Timer Enable bits
   466                           ;	WDTEN = OFF, WDT disabled in hardware (SWDTEN ignored)
   467                           ;	Watchdog Timer Postscaler
   468                           ;	WDTPS = 0xF, unprogrammed default
   469  300003                     	org	3145731
   470  300003  3C                 	db	60
   471                           
   472                           ; Padding undefined space
   473  300004                     	org	3145732
   474  300004  FF                 	db	255
   475                           
   476                           ;Config register CONFIG3H @ 0x300005
   477                           ;	CCP2 MUX bit
   478                           ;	CCP2MX = 0x1, unprogrammed default
   479                           ;	PORTB A/D Enable bit
   480                           ;	PBADEN = 0x1, unprogrammed default
   481                           ;	Timer3 Clock Input MUX bit
   482                           ;	T3CMX = 0x1, unprogrammed default
   483                           ;	SDO Output MUX bit
   484                           ;	SDOMX = 0x1, unprogrammed default
   485                           ;	Master Clear Reset Pin Enable
   486                           ;	MCLRE = ON, MCLR pin enabled; RE3 input disabled
   487  300005                     	org	3145733
   488  300005  D3                 	db	211
   489                           
   490                           ;Config register CONFIG4L @ 0x300006
   491                           ;	Stack Full/Underflow Reset
   492                           ;	STVREN = 0x1, unprogrammed default
   493                           ;	Single-Supply ICSP Enable bit
   494                           ;	LVP = OFF, Single-Supply ICSP disabled
   495                           ;	Dedicated In-Circuit Debug/Programming Port Enable
   496                           ;	ICPRT = OFF, ICPORT disabled
   497                           ;	Extended Instruction Set Enable bit
   498                           ;	XINST = 0x0, unprogrammed default
   499                           ;	Background Debugger Enable bit
   500                           ;	DEBUG = 0x1, unprogrammed default
   501  300006                     	org	3145734
   502  300006  81                 	db	129
   503                           
   504                           ; Padding undefined space
   505  300007                     	org	3145735
   506  300007  FF                 	db	255
   507                           
   508                           ;Config register CONFIG5L @ 0x300008
   509                           ;	unspecified, using default values
   510                           ;	Block 0 Code Protect
   511                           ;	CP0 = 0x1, unprogrammed default
   512                           ;	Block 1 Code Protect
   513                           ;	CP1 = 0x1, unprogrammed default
   514                           ;	Block 2 Code Protect
   515                           ;	CP2 = 0x1, unprogrammed default
   516                           ;	Block 3 Code Protect
   517                           ;	CP3 = 0x1, unprogrammed default
   518  300008                     	org	3145736
   519  300008  0F                 	db	15
   520                           
   521                           ;Config register CONFIG5H @ 0x300009
   522                           ;	unspecified, using default values
   523                           ;	Boot Block Code Protect
   524                           ;	CPB = 0x1, unprogrammed default
   525                           ;	Data EEPROM Code Protect
   526                           ;	CPD = 0x1, unprogrammed default
   527  300009                     	org	3145737
   528  300009  C0                 	db	192
   529                           
   530                           ;Config register CONFIG6L @ 0x30000A
   531                           ;	unspecified, using default values
   532                           ;	Block 0 Write Protect
   533                           ;	WRT0 = 0x1, unprogrammed default
   534                           ;	Block 1 Write Protect
   535                           ;	WRT1 = 0x1, unprogrammed default
   536                           ;	Block 2 Write Protect
   537                           ;	WRT2 = 0x1, unprogrammed default
   538                           ;	Block 3 Write Protect
   539                           ;	WRT3 = 0x1, unprogrammed default
   540  30000A                     	org	3145738
   541  30000A  0F                 	db	15
   542                           
   543                           ;Config register CONFIG6H @ 0x30000B
   544                           ;	unspecified, using default values
   545                           ;	Configuration Registers Write Protect
   546                           ;	WRTC = 0x1, unprogrammed default
   547                           ;	Boot Block Write Protect
   548                           ;	WRTB = 0x1, unprogrammed default
   549                           ;	Data EEPROM Write Protect
   550                           ;	WRTD = 0x1, unprogrammed default
   551  30000B                     	org	3145739
   552  30000B  E0                 	db	224
   553                           
   554                           ;Config register CONFIG7L @ 0x30000C
   555                           ;	unspecified, using default values
   556                           ;	Block 0 Table Read Protect
   557                           ;	EBTR0 = 0x1, unprogrammed default
   558                           ;	Block 1 Table Read Protect
   559                           ;	EBTR1 = 0x1, unprogrammed default
   560                           ;	Block 2 Table Read Protect
   561                           ;	EBTR2 = 0x1, unprogrammed default
   562                           ;	Block 3 Table Read Protect
   563                           ;	EBTR3 = 0x1, unprogrammed default
   564  30000C                     	org	3145740
   565  30000C  0F                 	db	15
   566                           
   567                           ;Config register CONFIG7H @ 0x30000D
   568                           ;	unspecified, using default values
   569                           ;	Boot Block Table Read Protect
   570                           ;	EBTRB = 0x1, unprogrammed default
   571  30000D                     	org	3145741
   572  30000D  40                 	db	64
   573                           tosu	equ	0xFFF
   574                           tosh	equ	0xFFE
   575                           tosl	equ	0xFFD
   576                           stkptr	equ	0xFFC
   577                           pclatu	equ	0xFFB
   578                           pclath	equ	0xFFA
   579                           pcl	equ	0xFF9
   580                           tblptru	equ	0xFF8
   581                           tblptrh	equ	0xFF7
   582                           tblptrl	equ	0xFF6
   583                           tablat	equ	0xFF5
   584                           prodh	equ	0xFF4
   585                           prodl	equ	0xFF3
   586                           indf0	equ	0xFEF
   587                           postinc0	equ	0xFEE
   588                           postdec0	equ	0xFED
   589                           preinc0	equ	0xFEC
   590                           plusw0	equ	0xFEB
   591                           fsr0h	equ	0xFEA
   592                           fsr0l	equ	0xFE9
   593                           wreg	equ	0xFE8
   594                           indf1	equ	0xFE7
   595                           postinc1	equ	0xFE6
   596                           postdec1	equ	0xFE5
   597                           preinc1	equ	0xFE4
   598                           plusw1	equ	0xFE3
   599                           fsr1h	equ	0xFE2
   600                           fsr1l	equ	0xFE1
   601                           bsr	equ	0xFE0
   602                           indf2	equ	0xFDF
   603                           postinc2	equ	0xFDE
   604                           postdec2	equ	0xFDD
   605                           preinc2	equ	0xFDC
   606                           plusw2	equ	0xFDB
   607                           fsr2h	equ	0xFDA
   608                           fsr2l	equ	0xFD9
   609                           status	equ	0xFD8
=======
    73  0000                     _T0CON	set	4053
    74  0000                     _RCONbits	set	4048
    75  0000                     _INTCON	set	4082
    76  0000                     _LATA	set	3977
    77  0000                     _TRISD	set	3989
    78  0000                     _TRISA	set	3986
    79  0000                     _INTCONbits	set	4082
    80  0000                     _PORTD	set	3971
    81  00080B  00                 	db	0	; dummy byte at the end
    82  0000                     
    83                           ; #config settings
    84                           
    85                           	psect	cinit
    86  00086E                     __pcinit:
    87                           	callstack 0
    88  00086E                     start_initialization:
    89                           	callstack 0
    90  00086E                     __initialization:
    91                           	callstack 0
    92                           
    93                           ; Clear objects allocated to COMRAM (1 bytes)
    94  00086E  6A0C               	clrf	__pbssCOMRAM& (0+255),c
    95  000870                     end_of_initialization:
    96                           	callstack 0
    97  000870                     __end_of__initialization:
    98                           	callstack 0
    99  000870  900D               	bcf	int$flags,0,c	;clear compiler interrupt flag (level 1)
   100  000872  920D               	bcf	int$flags,1,c	;clear compiler interrupt flag (level 2)
   101  000874  0E00               	movlw	low (__Lsmallconst shr (0+16))
   102  000876  6EF8               	movwf	tblptru,c
   103  000878  0E08               	movlw	high __Lsmallconst
   104  00087A  6EF7               	movwf	tblptrh,c
   105  00087C  0100               	movlb	0
   106  00087E  EF06  F004         	goto	_main	;jump to C main() function
   107                           
   108                           	psect	bssCOMRAM
   109  00000C                     __pbssCOMRAM:
   110                           	callstack 0
   111  00000C                     _Value:
   112                           	callstack 0
   113  00000C                     	ds	1
   114                           
   115                           	psect	cstackCOMRAM
   116  000001                     __pcstackCOMRAM:
   117                           	callstack 0
   118  000001                     ??_main:
   119  000001                     
   120                           ; 1 bytes @ 0x0
   121  000001                     	ds	1
   122  000002                     main@Dis7seg:
   123                           	callstack 0
   124                           
   125                           ; 10 bytes @ 0x1
   126  000002                     	ds	10
   127                           
   128 ;;
   129 ;;Main: autosize = 0, tempsize = 1, incstack = 0, save=0
   130 ;;
   131 ;; *************** function _main *****************
   132 ;; Defined at:
   133 ;;		line 24 in file "main.c"
   134 ;; Parameters:    Size  Location     Type
   135 ;;		None
   136 ;; Auto vars:     Size  Location     Type
   137 ;;  Dis7seg        10    1[COMRAM] const unsigned char [10]
   138 ;; Return value:  Size  Location     Type
   139 ;;                  1    wreg      void 
   140 ;; Registers used:
   141 ;;		wreg, fsr2l, fsr2h, status,2, status,0, tblptrl, tblptrh, tblptru, cstack
   142 ;; Tracked objects:
   143 ;;		On entry : 0/0
   144 ;;		On exit  : 0/0
   145 ;;		Unchanged: 0/0
   146 ;; Data sizes:     COMRAM   BANK0   BANK1   BANK2   BANK3   BANK4   BANK5   BANK6   BANK7
   147 ;;      Params:         0       0       0       0       0       0       0       0       0
   148 ;;      Locals:        10       0       0       0       0       0       0       0       0
   149 ;;      Temps:          1       0       0       0       0       0       0       0       0
   150 ;;      Totals:        11       0       0       0       0       0       0       0       0
   151 ;;Total ram usage:       11 bytes
   152 ;; Hardware stack levels required when called: 2
   153 ;; This function calls:
   154 ;;		_configuracion
   155 ;; This function is called by:
   156 ;;		Startup code after reset
   157 ;; This function uses a non-reentrant model
   158 ;;
   159                           
   160                           	psect	text0
   161  00080C                     __ptext0:
   162                           	callstack 0
   163  00080C                     _main:
   164                           	callstack 29
   165  00080C                     
   166                           ;main.c: 25:     const char Dis7seg[10] = {0x7E, 0x30, 0x6D, 0x79, 0x33, 0x5B, 0x5F, 0x7
      +                          0, 0x7F, 0x73};
   167  00080C  0E01               	movlw	low main@F4817
   168  00080E  6EF6               	movwf	tblptrl,c
   169  000810                     	if	0	;There is only one active tblptr byte
   170  000810                     	endif
   171  000810                     	if	0	;There are less than 3 active tblptr bytes
   172  000810                     	endif
   173  000810  EE20  F002         	lfsr	2,main@Dis7seg
   174  000814  0E09               	movlw	9
   175  000816                     u10:
   176  000816  0009               	tblrd		*+
   177  000818  CFF5 FFDE          	movff	tablat,postinc2
   178  00081C  06E8               	decf	wreg,f,c
   179  00081E  E2FB               	bc	u10
   180  000820                     
   181                           ;main.c: 26:     configuracion();
   182  000820  EC26  F004         	call	_configuracion	;wreg free
   183  000824                     l729:
   184                           
   185                           ;main.c: 29:         PORTD = Dis7seg[Value];
   186  000824  0E02               	movlw	low main@Dis7seg
   187  000826  240C               	addwf	_Value^0,w,c
   188  000828  6ED9               	movwf	fsr2l,c
   189  00082A  6ADA               	clrf	fsr2h,c
   190  00082C  0E00               	movlw	high main@Dis7seg
   191  00082E  22DA               	addwfc	fsr2h,f,c
   192  000830  50DF               	movf	indf2,w,c
   193  000832  6E83               	movwf	131,c	;volatile
   194  000834                     
   195                           ;main.c: 30:         _delay((unsigned long)((50)*(1000000/4000.0)));
   196  000834  0E11               	movlw	17
   197  000836  6E01               	movwf	??_main^0,c
   198  000838  0E3A               	movlw	58
   199  00083A                     u37:
   200  00083A  2EE8               	decfsz	wreg,f,c
   201  00083C  D7FE               	bra	u37
   202  00083E  2E01               	decfsz	??_main^0,f,c
   203  000840  D7FC               	bra	u37
   204  000842  D000               	nop2	
   205  000844  EF12  F004         	goto	l729
   206  000848  EF13  F000         	goto	start
   207  00084C                     __end_of_main:
   208                           	callstack 0
   209                           
   210 ;; *************** function _configuracion *****************
   211 ;; Defined at:
   212 ;;		line 43 in file "main.c"
   213 ;; Parameters:    Size  Location     Type
   214 ;;		None
   215 ;; Auto vars:     Size  Location     Type
   216 ;;		None
   217 ;; Return value:  Size  Location     Type
   218 ;;                  1    wreg      void 
   219 ;; Registers used:
   220 ;;		wreg, status,2
   221 ;; Tracked objects:
   222 ;;		On entry : 0/0
   223 ;;		On exit  : 0/0
   224 ;;		Unchanged: 0/0
   225 ;; Data sizes:     COMRAM   BANK0   BANK1   BANK2   BANK3   BANK4   BANK5   BANK6   BANK7
   226 ;;      Params:         0       0       0       0       0       0       0       0       0
   227 ;;      Locals:         0       0       0       0       0       0       0       0       0
   228 ;;      Temps:          0       0       0       0       0       0       0       0       0
   229 ;;      Totals:         0       0       0       0       0       0       0       0       0
   230 ;;Total ram usage:        0 bytes
   231 ;; Hardware stack levels used: 1
   232 ;; Hardware stack levels required when called: 1
   233 ;; This function calls:
   234 ;;		Nothing
   235 ;; This function is called by:
   236 ;;		_main
   237 ;; This function uses a non-reentrant model
   238 ;;
   239                           
   240                           	psect	text1
   241  00084C                     __ptext1:
   242                           	callstack 0
   243  00084C                     _configuracion:
   244                           	callstack 29
   245  00084C                     
   246                           ;main.c: 44:     TRISA = 0;
   247  00084C  0E00               	movlw	0
   248  00084E  6E92               	movwf	146,c	;volatile
   249                           
   250                           ;main.c: 45:     TRISD = 0;
   251  000850  0E00               	movlw	0
   252  000852  6E95               	movwf	149,c	;volatile
   253                           
   254                           ;main.c: 46:     ANSELA = 0;
   255  000854  0E00               	movlw	0
   256  000856  010F               	movlb	15	; () banked
   257  000858  6F5B               	movwf	91,b	;volatile
   258                           
   259                           ;main.c: 47:     ANSELD = 0;
   260  00085A  0E00               	movlw	0
   261  00085C  6F5E               	movwf	94,b	;volatile
   262                           
   263                           ;main.c: 48:     LATA = 0;
   264  00085E  0E00               	movlw	0
   265  000860  6E89               	movwf	137,c	;volatile
   266                           
   267                           ;main.c: 50:     INTCON = 0xA0;
   268  000862  0EA0               	movlw	160
   269  000864  6EF2               	movwf	242,c	;volatile
   270  000866                     
   271                           ; BSR set to: 15
   272                           ;main.c: 51:     RCONbits.IPEN = 1;
   273  000866  8ED0               	bsf	208,7,c	;volatile
   274                           
   275                           ;main.c: 52:     T0CON = 0xE0;
   276  000868  0EE0               	movlw	224
   277  00086A  6ED5               	movwf	213,c	;volatile
   278  00086C                     
   279                           ; BSR set to: 15
   280  00086C  0012               	return		;funcret
   281  00086E                     __end_of_configuracion:
   282                           	callstack 0
   283                           
   284 ;; *************** function _myHiIsr *****************
   285 ;; Defined at:
   286 ;;		line 35 in file "main.c"
   287 ;; Parameters:    Size  Location     Type
   288 ;;		None
   289 ;; Auto vars:     Size  Location     Type
   290 ;;		None
   291 ;; Return value:  Size  Location     Type
   292 ;;                  1    wreg      void 
   293 ;; Registers used:
   294 ;;		wreg, status,2, status,0
   295 ;; Tracked objects:
   296 ;;		On entry : 0/0
   297 ;;		On exit  : 0/0
   298 ;;		Unchanged: 0/0
   299 ;; Data sizes:     COMRAM   BANK0   BANK1   BANK2   BANK3   BANK4   BANK5   BANK6   BANK7
   300 ;;      Params:         0       0       0       0       0       0       0       0       0
   301 ;;      Locals:         0       0       0       0       0       0       0       0       0
   302 ;;      Temps:          0       0       0       0       0       0       0       0       0
   303 ;;      Totals:         0       0       0       0       0       0       0       0       0
   304 ;;Total ram usage:        0 bytes
   305 ;; Hardware stack levels used: 1
   306 ;; This function calls:
   307 ;;		Nothing
   308 ;; This function is called by:
   309 ;;		Interrupt level 2
   310 ;; This function uses a non-reentrant model
   311 ;;
   312                           
   313                           	psect	intcode
   314  000008                     __pintcode:
   315                           	callstack 0
   316  000008                     _myHiIsr:
   317                           	callstack 29
   318                           
   319                           ; BSR set to: 15
   320                           ;incstack = 0
   321  000008  820D               	bsf	int$flags,1,c	;set compiler interrupt flag (level 2)
   322  00000A                     
   323                           ;main.c: 36:     Value += 1;
   324  00000A  2A0C               	incf	_Value^0,f,c
   325  00000C                     
   326                           ;main.c: 37:     if (Value > 9) {
   327  00000C  0E09               	movlw	9
   328  00000E  640C               	cpfsgt	_Value^0,c
   329  000010  EF0C  F000         	goto	i2u2_41
   330  000014  EF0E  F000         	goto	i2u2_40
   331  000018                     i2u2_41:
   332  000018  EF10  F000         	goto	i2l739
   333  00001C                     i2u2_40:
   334  00001C                     
   335                           ;main.c: 38:         Value = 0;
   336  00001C  0E00               	movlw	0
   337  00001E  6E0C               	movwf	_Value^0,c
   338  000020                     i2l739:
   339                           
   340                           ;main.c: 40:     INTCONbits.TMR0IF = 0;
   341  000020  94F2               	bcf	242,2,c	;volatile
   342  000022  920D               	bcf	int$flags,1,c	;clear compiler interrupt flag (level 2)
   343  000024  0011               	retfie		f
   344  000026                     __end_of_myHiIsr:
   345                           	callstack 0
   346                           
   347                           	psect	rparam
   348  0000                     
   349                           	psect	temp
   350  00000D                     btemp:
   351                           	callstack 0
   352  00000D                     	ds	1
   353  0000                     int$flags	set	btemp
   354  0000                     wtemp8	set	btemp+1
   355  0000                     ttemp5	set	btemp+1
   356  0000                     ttemp6	set	btemp+4
   357  0000                     ttemp7	set	btemp+8
   358                           
   359                           	psect	idloc
   360                           
   361                           ;Config register IDLOC0 @ 0x200000
   362                           ;	unspecified, using default values
   363  200000                     	org	2097152
   364  200000  FF                 	db	255
   365                           
   366                           ;Config register IDLOC1 @ 0x200001
   367                           ;	unspecified, using default values
   368  200001                     	org	2097153
   369  200001  FF                 	db	255
   370                           
   371                           ;Config register IDLOC2 @ 0x200002
   372                           ;	unspecified, using default values
   373  200002                     	org	2097154
   374  200002  FF                 	db	255
   375                           
   376                           ;Config register IDLOC3 @ 0x200003
   377                           ;	unspecified, using default values
   378  200003                     	org	2097155
   379  200003  FF                 	db	255
   380                           
   381                           ;Config register IDLOC4 @ 0x200004
   382                           ;	unspecified, using default values
   383  200004                     	org	2097156
   384  200004  FF                 	db	255
   385                           
   386                           ;Config register IDLOC5 @ 0x200005
   387                           ;	unspecified, using default values
   388  200005                     	org	2097157
   389  200005  FF                 	db	255
   390                           
   391                           ;Config register IDLOC6 @ 0x200006
   392                           ;	unspecified, using default values
   393  200006                     	org	2097158
   394  200006  FF                 	db	255
   395                           
   396                           ;Config register IDLOC7 @ 0x200007
   397                           ;	unspecified, using default values
   398  200007                     	org	2097159
   399  200007  FF                 	db	255
   400                           
   401                           	psect	config
   402                           
   403                           ;Config register CONFIG1L @ 0x300000
   404                           ;	unspecified, using default values
   405                           ;	PLL Selection
   406                           ;	PLLSEL = 0x0, unprogrammed default
   407                           ;	PLL Enable Configuration bit
   408                           ;	CFGPLLEN = 0x0, unprogrammed default
   409                           ;	CPU System Clock Postscaler
   410                           ;	CPUDIV = 0x0, unprogrammed default
   411                           ;	Low Speed USB mode with 48 MHz system clock
   412                           ;	LS48MHZ = 0x0, unprogrammed default
   413  300000                     	org	3145728
   414  300000  00                 	db	0
   415                           
   416                           ;Config register CONFIG1H @ 0x300001
   417                           ;	Oscillator Selection
   418                           ;	FOSC = INTOSCIO, Internal oscillator
   419                           ;	Primary Oscillator Shutdown
   420                           ;	PCLKEN = 0x1, unprogrammed default
   421                           ;	Fail-Safe Clock Monitor
   422                           ;	FCMEN = 0x0, unprogrammed default
   423                           ;	Internal/External Oscillator Switchover
   424                           ;	IESO = 0x0, unprogrammed default
   425  300001                     	org	3145729
   426  300001  28                 	db	40
   427                           
   428                           ;Config register CONFIG2L @ 0x300002
   429                           ;	unspecified, using default values
   430                           ;	Power-up Timer Enable
   431                           ;	nPWRTEN = 0x1, unprogrammed default
   432                           ;	Brown-out Reset Enable
   433                           ;	BOREN = 0x3, unprogrammed default
   434                           ;	Brown-out Reset Voltage
   435                           ;	BORV = 0x3, unprogrammed default
   436                           ;	Low-Power Brown-out Reset
   437                           ;	nLPBOR = 0x1, unprogrammed default
   438  300002                     	org	3145730
   439  300002  5F                 	db	95
   440                           
   441                           ;Config register CONFIG2H @ 0x300003
   442                           ;	Watchdog Timer Enable bits
   443                           ;	WDTEN = OFF, WDT disabled in hardware (SWDTEN ignored)
   444                           ;	Watchdog Timer Postscaler
   445                           ;	WDTPS = 0xF, unprogrammed default
   446  300003                     	org	3145731
   447  300003  3C                 	db	60
   448                           
   449                           ; Padding undefined space
   450  300004                     	org	3145732
   451  300004  FF                 	db	255
   452                           
   453                           ;Config register CONFIG3H @ 0x300005
   454                           ;	CCP2 MUX bit
   455                           ;	CCP2MX = 0x1, unprogrammed default
   456                           ;	PORTB A/D Enable bit
   457                           ;	PBADEN = 0x1, unprogrammed default
   458                           ;	Timer3 Clock Input MUX bit
   459                           ;	T3CMX = 0x1, unprogrammed default
   460                           ;	SDO Output MUX bit
   461                           ;	SDOMX = 0x1, unprogrammed default
   462                           ;	Master Clear Reset Pin Enable
   463                           ;	MCLRE = ON, MCLR pin enabled; RE3 input disabled
   464  300005                     	org	3145733
   465  300005  D3                 	db	211
   466                           
   467                           ;Config register CONFIG4L @ 0x300006
   468                           ;	Stack Full/Underflow Reset
   469                           ;	STVREN = 0x1, unprogrammed default
   470                           ;	Single-Supply ICSP Enable bit
   471                           ;	LVP = OFF, Single-Supply ICSP disabled
   472                           ;	Dedicated In-Circuit Debug/Programming Port Enable
   473                           ;	ICPRT = OFF, ICPORT disabled
   474                           ;	Extended Instruction Set Enable bit
   475                           ;	XINST = 0x0, unprogrammed default
   476                           ;	Background Debugger Enable bit
   477                           ;	DEBUG = 0x1, unprogrammed default
   478  300006                     	org	3145734
   479  300006  81                 	db	129
   480                           
   481                           ; Padding undefined space
   482  300007                     	org	3145735
   483  300007  FF                 	db	255
   484                           
   485                           ;Config register CONFIG5L @ 0x300008
   486                           ;	unspecified, using default values
   487                           ;	Block 0 Code Protect
   488                           ;	CP0 = 0x1, unprogrammed default
   489                           ;	Block 1 Code Protect
   490                           ;	CP1 = 0x1, unprogrammed default
   491                           ;	Block 2 Code Protect
   492                           ;	CP2 = 0x1, unprogrammed default
   493                           ;	Block 3 Code Protect
   494                           ;	CP3 = 0x1, unprogrammed default
   495  300008                     	org	3145736
   496  300008  0F                 	db	15
   497                           
   498                           ;Config register CONFIG5H @ 0x300009
   499                           ;	unspecified, using default values
   500                           ;	Boot Block Code Protect
   501                           ;	CPB = 0x1, unprogrammed default
   502                           ;	Data EEPROM Code Protect
   503                           ;	CPD = 0x1, unprogrammed default
   504  300009                     	org	3145737
   505  300009  C0                 	db	192
   506                           
   507                           ;Config register CONFIG6L @ 0x30000A
   508                           ;	unspecified, using default values
   509                           ;	Block 0 Write Protect
   510                           ;	WRT0 = 0x1, unprogrammed default
   511                           ;	Block 1 Write Protect
   512                           ;	WRT1 = 0x1, unprogrammed default
   513                           ;	Block 2 Write Protect
   514                           ;	WRT2 = 0x1, unprogrammed default
   515                           ;	Block 3 Write Protect
   516                           ;	WRT3 = 0x1, unprogrammed default
   517  30000A                     	org	3145738
   518  30000A  0F                 	db	15
   519                           
   520                           ;Config register CONFIG6H @ 0x30000B
   521                           ;	unspecified, using default values
   522                           ;	Configuration Registers Write Protect
   523                           ;	WRTC = 0x1, unprogrammed default
   524                           ;	Boot Block Write Protect
   525                           ;	WRTB = 0x1, unprogrammed default
   526                           ;	Data EEPROM Write Protect
   527                           ;	WRTD = 0x1, unprogrammed default
   528  30000B                     	org	3145739
   529  30000B  E0                 	db	224
   530                           
   531                           ;Config register CONFIG7L @ 0x30000C
   532                           ;	unspecified, using default values
   533                           ;	Block 0 Table Read Protect
   534                           ;	EBTR0 = 0x1, unprogrammed default
   535                           ;	Block 1 Table Read Protect
   536                           ;	EBTR1 = 0x1, unprogrammed default
   537                           ;	Block 2 Table Read Protect
   538                           ;	EBTR2 = 0x1, unprogrammed default
   539                           ;	Block 3 Table Read Protect
   540                           ;	EBTR3 = 0x1, unprogrammed default
   541  30000C                     	org	3145740
   542  30000C  0F                 	db	15
   543                           
   544                           ;Config register CONFIG7H @ 0x30000D
   545                           ;	unspecified, using default values
   546                           ;	Boot Block Table Read Protect
   547                           ;	EBTRB = 0x1, unprogrammed default
   548  30000D                     	org	3145741
   549  30000D  40                 	db	64
   550                           tosu	equ	0xFFF
   551                           tosh	equ	0xFFE
   552                           tosl	equ	0xFFD
   553                           stkptr	equ	0xFFC
   554                           pclatu	equ	0xFFB
   555                           pclath	equ	0xFFA
   556                           pcl	equ	0xFF9
   557                           tblptru	equ	0xFF8
   558                           tblptrh	equ	0xFF7
   559                           tblptrl	equ	0xFF6
   560                           tablat	equ	0xFF5
   561                           prodh	equ	0xFF4
   562                           prodl	equ	0xFF3
   563                           indf0	equ	0xFEF
   564                           postinc0	equ	0xFEE
   565                           postdec0	equ	0xFED
   566                           preinc0	equ	0xFEC
   567                           plusw0	equ	0xFEB
   568                           fsr0h	equ	0xFEA
   569                           fsr0l	equ	0xFE9
   570                           wreg	equ	0xFE8
   571                           indf1	equ	0xFE7
   572                           postinc1	equ	0xFE6
   573                           postdec1	equ	0xFE5
   574                           preinc1	equ	0xFE4
   575                           plusw1	equ	0xFE3
   576                           fsr1h	equ	0xFE2
   577                           fsr1l	equ	0xFE1
   578                           bsr	equ	0xFE0
   579                           indf2	equ	0xFDF
   580                           postinc2	equ	0xFDE
   581                           postdec2	equ	0xFDD
   582                           preinc2	equ	0xFDC
   583                           plusw2	equ	0xFDB
   584                           fsr2h	equ	0xFDA
   585                           fsr2l	equ	0xFD9
   586                           status	equ	0xFD8
>>>>>>> cd28643c24261472ab76b5bd65873cef17a92772

Data Sizes:
    Strings     0
    Constant    10
    Data        0
    BSS         1
    Persistent  0
    Stack       0

Auto Spaces:
    Space          Size  Autos    Used
    COMRAM           94     11      12
    BANK0           160      0       0
    BANK1           256      0       0
    BANK2           256      0       0
    BANK3           256      0       0
    BANK4           256      0       0
    BANK5           256      0       0
    BANK6           256      0       0
    BANK7           256      0       0

Pointer List with Targets:

    None.

Critical Paths under _main in COMRAM

    None.

Critical Paths under _myHiIsr in COMRAM

    None.

Critical Paths under _main in BANK0

    None.

Critical Paths under _myHiIsr in BANK0

    None.

Critical Paths under _main in BANK1

    None.

Critical Paths under _myHiIsr in BANK1

    None.

Critical Paths under _main in BANK2

    None.

Critical Paths under _myHiIsr in BANK2

    None.

Critical Paths under _main in BANK3

    None.

Critical Paths under _myHiIsr in BANK3

    None.

Critical Paths under _main in BANK4

    None.

Critical Paths under _myHiIsr in BANK4

    None.

Critical Paths under _main in BANK5

    None.

Critical Paths under _myHiIsr in BANK5

    None.

Critical Paths under _main in BANK6

    None.

Critical Paths under _myHiIsr in BANK6

    None.

Critical Paths under _main in BANK7

    None.

Critical Paths under _myHiIsr in BANK7

    None.

Call Graph Tables:

 ---------------------------------------------------------------------------------
 (Depth) Function   	        Calls       Base Space   Used Autos Params    Refs
 ---------------------------------------------------------------------------------
 (0) _main                                                11    11      0      15
                                              0 COMRAM    11    11      0
                      _configuracion
 ---------------------------------------------------------------------------------
 (1) _configuracion                                        0     0      0       0
 ---------------------------------------------------------------------------------
 Estimated maximum stack depth 1
 ---------------------------------------------------------------------------------
 (Depth) Function   	        Calls       Base Space   Used Autos Params    Refs
 ---------------------------------------------------------------------------------
 (2) _myHiIsr                                              0     0      0       0
 ---------------------------------------------------------------------------------
 Estimated maximum stack depth 2
 ---------------------------------------------------------------------------------

 Call Graph Graphs:

 _main (ROOT)
   _configuracion

 _myHiIsr (ROOT)

 Address spaces:
Name               Size   Autos  Total    Cost      Usage
BIGRAM             7FF      0       0      21        0.0%
EEDATA             100      0       0       0        0.0%
BITBANK7           100      0       0      19        0.0%
BANK7              100      0       0      20        0.0%
BITBANK6           100      0       0      17        0.0%
BANK6              100      0       0      18        0.0%
BITBANK5           100      0       0      15        0.0%
BANK5              100      0       0      16        0.0%
BITBANK4           100      0       0      13        0.0%
BANK4              100      0       0      14        0.0%
BITBANK3           100      0       0      11        0.0%
BANK3              100      0       0      12        0.0%
BITBANK2           100      0       0       9        0.0%
BANK2              100      0       0      10        0.0%
BITBANK1           100      0       0       7        0.0%
BANK1              100      0       0       8        0.0%
BITBANK0            A0      0       0       4        0.0%
BANK0               A0      0       0       5        0.0%
BITCOMRAM           5E      0       0       0        0.0%
COMRAM              5E      B       C       1       12.8%
BITSFR_1             0      0       0     200        0.0%
SFR_1                0      0       0     200        0.0%
BITSFR               0      0       0     200        0.0%
SFR                  0      0       0     200        0.0%
STACK                0      0       0       2        0.0%
NULL                 0      0       0       0        0.0%
ABS                  0      0       C       6        0.0%
DATA                 0      0       C       3        0.0%
CODE                 0      0       0       0        0.0%


Microchip Technology PIC18 Macro Assembler V2.32 build 20210201212658 
<<<<<<< HEAD
Symbol Table                                                                                   Fri Oct 15 15:33:50 2021

                     l51 0878                       u10 0816                       u37 083A  
         ?_configuracion 0001                      l731 080C                      l733 0820  
                    l727 084C                      l735 0824                      l729 0866  
                    l737 0834                      wreg 000FE8                     _LATA 000F89  
                   _PIE1 000F9D                     i2l47 0020                     i2l48 002A  
                   _main 080C                     indf2 000FDF                     fsr2l 000FD9  
                   btemp 000D                     start 002E             ___param_bank 000000  
                  ?_main 0001                    _T1CON 000FCD                    i2l741 000C  
                  i2l743 001C                    i2l745 0028                    i2l739 000A  
                  _TMR1H 000FCF                    _TMR1L 000FCE                    _PORTD 000F83  
                  _TRISA 000F92                    _TRISD 000F95                    _Value 000C  
        __end_of_myHiIsr 002E                    tablat 000FF5                    ttemp5 000E  
                  ttemp6 0011                    ttemp7 0015                    wtemp8 000E  
        __initialization 087A             __end_of_main 084C          ??_configuracion 0001  
                 ??_main 0001            __activetblptr 000001                   _ANSELA 000F5B  
                 _ANSELD 000F5E                   _INTCON 000FF2                   i2u2_40 001C  
                 i2u2_41 0018                   isa$std 000001                ??_myHiIsr 0001  
           __mediumconst 0000                   tblptrh 000FF7                   tblptrl 000FF6  
                 tblptru 000FF8               __accesstop 0060  __end_of__initialization 087C  
          ___rparam_used 000001           __pcstackCOMRAM 0001                  __Hparam 0000  
                __Lparam 0000             __psmallconst 0800                  __pcinit 087A  
                __ramtop 0800                  __ptext0 080C                  __ptext1 084C  
                _myHiIsr 0008     end_of_initialization 087C        __end_ofmain@F4817 080B  
                postinc2 000FDE    __end_of_configuracion 087A      start_initialization 087A  
            __pbssCOMRAM 000C                __pintcode 0008              __smallconst 0800  
               ?_myHiIsr 0001                 _PIR1bits 000F9E                 _RCONbits 000FD0  
              main@F4817 0801                 __Hrparam 0000                 __Lrparam 0000  
           __Lsmallconst 0800         __size_of_myHiIsr 0026   __size_of_configuracion 002E  
          __size_of_main 0040                 isa$xinst 000000                 int$flags 000D  
               intlevel2 0000            _configuracion 084C              main@Dis7seg 0002  
=======
Symbol Table                                                                                   Fri Oct 15 15:29:00 2021

                     l45 086C                       u10 0816                       u37 083A  
         ?_configuracion 0001                      l721 084C                      l723 0866  
                    l731 0834                      l725 080C                      l727 0820  
                    l729 0824                      wreg 000FE8                     _LATA 000F89  
                   i2l42 0022                     _main 080C                     indf2 000FDF  
                   fsr2l 000FD9                     btemp 000D                     start 0026  
           ___param_bank 000000                    ?_main 0001                    _T0CON 000FD5  
                  i2l733 000A                    i2l735 000C                    i2l737 001C  
                  i2l739 0020                    _PORTD 000F83                    _TRISA 000F92  
                  _TRISD 000F95                    _Value 000C          __end_of_myHiIsr 0026  
                  tablat 000FF5                    ttemp5 000E                    ttemp6 0011  
                  ttemp7 0015                    wtemp8 000E          __initialization 086E  
           __end_of_main 084C          ??_configuracion 0001                   ??_main 0001  
          __activetblptr 000001                   _ANSELA 000F5B                   _ANSELD 000F5E  
                 _INTCON 000FF2                   i2u2_40 001C                   i2u2_41 0018  
                 isa$std 000001                ??_myHiIsr 0001             __mediumconst 0000  
                 tblptrh 000FF7                   tblptrl 000FF6                   tblptru 000FF8  
             __accesstop 0060  __end_of__initialization 0870            ___rparam_used 000001  
         __pcstackCOMRAM 0001                  __Hparam 0000                  __Lparam 0000  
           __psmallconst 0800                  __pcinit 086E                  __ramtop 0800  
                __ptext0 080C                  __ptext1 084C                  _myHiIsr 0008  
   end_of_initialization 0870        __end_ofmain@F4817 080B                  postinc2 000FDE  
  __end_of_configuracion 086E      start_initialization 086E              __pbssCOMRAM 000C  
              __pintcode 0008              __smallconst 0800                 ?_myHiIsr 0001  
               _RCONbits 000FD0                main@F4817 0801                 __Hrparam 0000  
               __Lrparam 0000             __Lsmallconst 0800         __size_of_myHiIsr 001E  
 __size_of_configuracion 0022            __size_of_main 0040                 isa$xinst 000000  
               int$flags 000D               _INTCONbits 000FF2                 intlevel2 0000  
          _configuracion 084C              main@Dis7seg 0002  
>>>>>>> cd28643c24261472ab76b5bd65873cef17a92772
